<?xml version="1.0" encoding="UTF-8"?>
<coverage generated="1573331476315" clover="3.2.0">
  <project timestamp="1573331476315" name="All files">
    <metrics statements="43" coveredstatements="2" conditionals="32" coveredconditionals="0" methods="17" coveredmethods="1" elements="92" coveredelements="3" complexity="0" loc="43" ncloc="43" packages="1" files="3" classes="3"/>
    <file name="App.js" path="/Users/zemirco/dev/seriesci/cib/src/App.js">
      <metrics statements="3" coveredstatements="2" conditionals="0" coveredconditionals="0" methods="2" coveredmethods="1"/>
      <line num="7" count="1" type="stmt"/>
      <line num="8" count="0" type="stmt"/>
      <line num="11" count="1" type="stmt"/>
    </file>
    <file name="index.js" path="/Users/zemirco/dev/seriesci/cib/src/index.js">
      <metrics statements="2" coveredstatements="0" conditionals="0" coveredconditionals="0" methods="0" coveredmethods="0"/>
      <line num="7" count="0" type="stmt"/>
      <line num="12" count="0" type="stmt"/>
    </file>
    <file name="serviceWorker.js" path="/Users/zemirco/dev/seriesci/cib/src/serviceWorker.js">
      <metrics statements="38" coveredstatements="0" conditionals="32" coveredconditionals="0" methods="15" coveredmethods="0"/>
      <line num="13" count="0" type="stmt"/>
      <line num="24" count="0" type="cond" truecount="0" falsecount="4"/>
      <line num="26" count="0" type="stmt"/>
      <line num="27" count="0" type="cond" truecount="0" falsecount="2"/>
      <line num="31" count="0" type="stmt"/>
      <line num="34" count="0" type="stmt"/>
      <line num="35" count="0" type="stmt"/>
      <line num="37" count="0" type="cond" truecount="0" falsecount="2"/>
      <line num="39" count="0" type="stmt"/>
      <line num="43" count="0" type="stmt"/>
      <line num="44" count="0" type="stmt"/>
      <line num="51" count="0" type="stmt"/>
      <line num="58" count="0" type="stmt"/>
      <line num="61" count="0" type="stmt"/>
      <line num="62" count="0" type="stmt"/>
      <line num="63" count="0" type="cond" truecount="0" falsecount="2"/>
      <line num="64" count="0" type="stmt"/>
      <line num="66" count="0" type="stmt"/>
      <line num="67" count="0" type="cond" truecount="0" falsecount="2"/>
      <line num="68" count="0" type="cond" truecount="0" falsecount="2"/>
      <line num="72" count="0" type="stmt"/>
      <line num="78" count="0" type="cond" truecount="0" falsecount="4"/>
      <line num="79" count="0" type="stmt"/>
      <line num="85" count="0" type="stmt"/>
      <line num="88" count="0" type="cond" truecount="0" falsecount="4"/>
      <line num="89" count="0" type="stmt"/>
      <line num="97" count="0" type="stmt"/>
      <line num="103" count="0" type="stmt"/>
      <line num="106" count="0" type="stmt"/>
      <line num="107" count="0" type="cond" truecount="0" falsecount="2"/>
      <line num="112" count="0" type="stmt"/>
      <line num="113" count="0" type="stmt"/>
      <line num="114" count="0" type="stmt"/>
      <line num="119" count="0" type="stmt"/>
      <line num="123" count="0" type="stmt"/>
      <line num="130" count="0" type="cond" truecount="0" falsecount="2"/>
      <line num="131" count="0" type="stmt"/>
      <line num="132" count="0" type="stmt"/>
    </file>
  </project>
</coverage>
